0 info it worked if it ends with ok
1 verbose cli [ 'C:\\Program Files\\nodejs\\\\node.exe',
1 verbose cli   'C:\\Program Files\\nodejs\\node_modules\\npm\\bin\\npm-cli.js',
1 verbose cli   'login' ]
2 info using npm@1.4.3
3 info using node@v0.10.26
4 verbose node symlink C:\Program Files\nodejs\\node.exe
5 error Error: canceled
5 error     at Interface.<anonymous> (C:\Program Files\nodejs\node_modules\npm\node_modules\read\lib\read.js:66:13)
5 error     at Interface.EventEmitter.emit (events.js:92:17)
5 error     at Interface._ttyWrite (readline.js:620:16)
5 error     at ReadStream.onkeypress (readline.js:99:10)
5 error     at ReadStream.EventEmitter.emit (events.js:98:17)
5 error     at emitKey (readline.js:1095:12)
5 error     at readline.js:1080:7
5 error     at String.forEach (native)
5 error     at emitKey (readline.js:1079:29)
5 error     at ReadStream.onData (readline.js:840:14)
6 error If you need help, you may report this *entire* log,
6 error including the npm and node versions, at:
6 error     <http://github.com/npm/npm/issues>
7 error System Windows_NT 6.2.9200
8 error command "C:\\Program Files\\nodejs\\\\node.exe" "C:\\Program Files\\nodejs\\node_modules\\npm\\bin\\npm-cli.js" "login"
9 error cwd F:\mywork\apimock
10 error node -v v0.10.26
11 error npm -v 1.4.3
12 verbose exit [ 1, true ]
